[0925/142954.589:ERROR:crash_report_database_win.cc(469)] failed to stat report
[0925/142954.590:ERROR:crash_report_database_win.cc(469)] failed to stat report
[0925/142954.590:ERROR:crash_report_database_win.cc(469)] failed to stat report
[0925/142954.590:ERROR:crash_report_database_win.cc(469)] failed to stat report
[0925/142954.590:ERROR:crash_report_database_win.cc(469)] failed to stat report
[0925/142954.590:ERROR:crash_report_database_win.cc(469)] failed to stat report
[0925/150512.944:ERROR:crash_report_database_win.cc(469)] failed to stat report
[0925/150512.945:ERROR:crash_report_database_win.cc(469)] failed to stat report
[0925/150512.945:ERROR:crash_report_database_win.cc(469)] failed to stat report
[0925/150512.945:ERROR:crash_report_database_win.cc(469)] failed to stat report
[0925/150512.946:ERROR:crash_report_database_win.cc(469)] failed to stat report
[0925/150512.946:ERROR:crash_report_database_win.cc(469)] failed to stat report
[0925/152839.809:ERROR:crash_report_database_win.cc(469)] failed to stat report
[0925/152839.810:ERROR:crash_report_database_win.cc(469)] failed to stat report
[0925/152839.810:ERROR:crash_report_database_win.cc(469)] failed to stat report
[0925/152839.810:ERROR:crash_report_database_win.cc(469)] failed to stat report
[0925/152839.810:ERROR:crash_report_database_win.cc(469)] failed to stat report
[0925/152839.810:ERROR:crash_report_database_win.cc(469)] failed to stat report
[0925/152915.592:ERROR:crash_report_database_win.cc(469)] failed to stat report
[0925/152915.593:ERROR:crash_report_database_win.cc(469)] failed to stat report
[0925/152915.593:ERROR:crash_report_database_win.cc(469)] failed to stat report
[0925/152915.593:ERROR:crash_report_database_win.cc(469)] failed to stat report
[0925/152915.593:ERROR:crash_report_database_win.cc(469)] failed to stat report
[0925/152915.593:ERROR:crash_report_database_win.cc(469)] failed to stat report
[0925/164708.390:ERROR:crash_report_database_win.cc(469)] failed to stat report
[0925/164708.422:ERROR:crash_report_database_win.cc(469)] failed to stat report
[0925/164708.422:ERROR:crash_report_database_win.cc(469)] failed to stat report
[0925/164708.422:ERROR:crash_report_database_win.cc(469)] failed to stat report
[0925/164708.422:ERROR:crash_report_database_win.cc(469)] failed to stat report
[0925/164708.422:ERROR:crash_report_database_win.cc(469)] failed to stat report
[0925/164741.109:ERROR:crash_report_database_win.cc(469)] failed to stat report
[0925/164741.110:ERROR:crash_report_database_win.cc(469)] failed to stat report
[0925/164741.110:ERROR:crash_report_database_win.cc(469)] failed to stat report
[0925/164741.110:ERROR:crash_report_database_win.cc(469)] failed to stat report
[0925/164741.110:ERROR:crash_report_database_win.cc(469)] failed to stat report
[0925/164741.110:ERROR:crash_report_database_win.cc(469)] failed to stat report
[0925/170702.898:ERROR:crash_report_database_win.cc(469)] failed to stat report
[0925/170702.899:ERROR:crash_report_database_win.cc(469)] failed to stat report
[0925/170702.899:ERROR:crash_report_database_win.cc(469)] failed to stat report
[0925/170702.899:ERROR:crash_report_database_win.cc(469)] failed to stat report
[0925/170702.899:ERROR:crash_report_database_win.cc(469)] failed to stat report
[0925/170702.899:ERROR:crash_report_database_win.cc(469)] failed to stat report
[0927/134020.712:ERROR:process_reader_win.cc(123)] NtOpenThread: {Access Denied} A process has requested access to an object, but has not been granted those access rights. (0xc0000022)
[0927/134020.730:ERROR:process_reader_win.cc(123)] NtOpenThread: {Access Denied} A process has requested access to an object, but has not been granted those access rights. (0xc0000022)
[0927/134020.883:ERROR:exception_snapshot_win.cc(99)] thread ID 7724 not found in process
[0927/134020.883:ERROR:exception_snapshot_win.cc(99)] thread ID 11628 not found in process
[0927/151142.475:ERROR:process_reader_win.cc(123)] NtOpenThread: {Access Denied} A process has requested access to an object, but has not been granted those access rights. (0xc0000022)
[0927/151142.485:ERROR:exception_snapshot_win.cc(99)] thread ID 5220 not found in process
[0927/151142.485:ERROR:process_reader_win.cc(123)] NtOpenThread: {Access Denied} A process has requested access to an object, but has not been granted those access rights. (0xc0000022)
[0927/151142.485:ERROR:exception_snapshot_win.cc(99)] thread ID 5208 not found in process
[0927/155537.279:ERROR:process_reader_win.cc(151)] SuspendThread: Access is denied. (0x5)
[0927/155537.292:ERROR:process_reader_win.cc(151)] SuspendThread: Access is denied. (0x5)
[0927/155537.292:ERROR:process_reader_win.cc(151)] SuspendThread: Access is denied. (0x5)
[0927/155537.293:ERROR:process_reader_win.cc(151)] SuspendThread: Access is denied. (0x5)
[0927/155537.293:ERROR:process_reader_win.cc(151)] SuspendThread: Access is denied. (0x5)
[0927/155537.293:ERROR:process_reader_win.cc(123)] NtOpenThread: {Access Denied} A process has requested access to an object, but has not been granted those access rights. (0xc0000022)
[0927/155537.294:ERROR:exception_snapshot_win.cc(99)] thread ID 8300 not found in process
[0927/155537.310:ERROR:process_reader_win.cc(151)] SuspendThread: Access is denied. (0x5)
[0927/155537.310:ERROR:process_reader_win.cc(151)] SuspendThread: Access is denied. (0x5)
[0927/155537.310:ERROR:process_reader_win.cc(123)] NtOpenThread: {Access Denied} A process has requested access to an object, but has not been granted those access rights. (0xc0000022)
[0927/155537.310:ERROR:exception_snapshot_win.cc(99)] thread ID 15056 not found in process
[0927/160107.699:ERROR:process_reader_win.cc(123)] NtOpenThread: {Access Denied} A process has requested access to an object, but has not been granted those access rights. (0xc0000022)
[0927/160107.700:ERROR:exception_snapshot_win.cc(99)] thread ID 184 not found in process
[0927/160107.730:ERROR:process_reader_win.cc(123)] NtOpenThread: {Access Denied} A process has requested access to an object, but has not been granted those access rights. (0xc0000022)
[0927/160107.731:ERROR:exception_snapshot_win.cc(99)] thread ID 11772 not found in process
[0927/160641.899:ERROR:process_reader_win.cc(123)] NtOpenThread: {Access Denied} A process has requested access to an object, but has not been granted those access rights. (0xc0000022)
[0927/160641.906:ERROR:exception_snapshot_win.cc(99)] thread ID 16300 not found in process
[0927/160641.944:ERROR:process_reader_win.cc(123)] NtOpenThread: {Access Denied} A process has requested access to an object, but has not been granted those access rights. (0xc0000022)
[0927/160641.944:ERROR:exception_snapshot_win.cc(99)] thread ID 15488 not found in process
[0927/163408.893:ERROR:process_reader_win.cc(123)] NtOpenThread: {Access Denied} A process has requested access to an object, but has not been granted those access rights. (0xc0000022)
[0927/163408.894:ERROR:exception_snapshot_win.cc(99)] thread ID 9872 not found in process
[0927/163408.941:ERROR:process_reader_win.cc(123)] NtOpenThread: {Access Denied} A process has requested access to an object, but has not been granted those access rights. (0xc0000022)
[0927/163408.941:ERROR:exception_snapshot_win.cc(99)] thread ID 16716 not found in process
[0927/164756.865:ERROR:process_reader_win.cc(151)] SuspendThread: Access is denied. (0x5)
[0927/164756.868:ERROR:process_reader_win.cc(151)] SuspendThread: Access is denied. (0x5)
[0927/164756.868:ERROR:process_reader_win.cc(151)] SuspendThread: Access is denied. (0x5)
[0927/164756.868:ERROR:process_reader_win.cc(123)] NtOpenThread: {Access Denied} A process has requested access to an object, but has not been granted those access rights. (0xc0000022)
[0927/164756.870:ERROR:exception_snapshot_win.cc(99)] thread ID 17140 not found in process
[0927/164756.872:ERROR:process_reader_win.cc(151)] SuspendThread: Access is denied. (0x5)
[0927/164756.872:ERROR:process_reader_win.cc(151)] SuspendThread: Access is denied. (0x5)
[0927/164756.872:ERROR:process_reader_win.cc(123)] NtOpenThread: {Access Denied} A process has requested access to an object, but has not been granted those access rights. (0xc0000022)
[0927/164756.873:ERROR:exception_snapshot_win.cc(99)] thread ID 17180 not found in process
[0927/165116.970:ERROR:process_reader_win.cc(151)] SuspendThread: Access is denied. (0x5)
[0927/165116.972:ERROR:process_reader_win.cc(151)] SuspendThread: Access is denied. (0x5)
[0927/165116.972:ERROR:process_reader_win.cc(123)] NtOpenThread: {Access Denied} A process has requested access to an object, but has not been granted those access rights. (0xc0000022)
[0927/165116.973:ERROR:exception_snapshot_win.cc(99)] thread ID 5580 not found in process
[0927/165117.009:ERROR:process_reader_win.cc(151)] SuspendThread: Access is denied. (0x5)
[0927/165117.009:ERROR:process_reader_win.cc(151)] SuspendThread: Access is denied. (0x5)
[0927/165117.009:ERROR:process_reader_win.cc(151)] SuspendThread: Access is denied. (0x5)
[0927/165117.009:ERROR:process_reader_win.cc(151)] SuspendThread: Access is denied. (0x5)
[0927/165117.009:ERROR:process_reader_win.cc(151)] SuspendThread: Access is denied. (0x5)
[0927/165117.009:ERROR:process_reader_win.cc(123)] NtOpenThread: {Access Denied} A process has requested access to an object, but has not been granted those access rights. (0xc0000022)
[0927/165117.009:ERROR:exception_snapshot_win.cc(99)] thread ID 6108 not found in process
[0928/115737.305:ERROR:process_reader_win.cc(123)] NtOpenThread: {Access Denied} A process has requested access to an object, but has not been granted those access rights. (0xc0000022)
[0928/115737.340:ERROR:exception_snapshot_win.cc(99)] thread ID 9916 not found in process
[0928/115737.417:ERROR:process_reader_win.cc(123)] NtOpenThread: {Access Denied} A process has requested access to an object, but has not been granted those access rights. (0xc0000022)
[0928/115737.417:ERROR:exception_snapshot_win.cc(99)] thread ID 15408 not found in process
[0928/115755.185:ERROR:process_reader_win.cc(151)] SuspendThread: Access is denied. (0x5)
[0928/115755.185:ERROR:process_reader_win.cc(151)] SuspendThread: Access is denied. (0x5)
[0928/115755.185:ERROR:process_reader_win.cc(123)] NtOpenThread: {Access Denied} A process has requested access to an object, but has not been granted those access rights. (0xc0000022)
[0928/115755.185:ERROR:exception_snapshot_win.cc(99)] thread ID 12912 not found in process
[0928/115755.218:ERROR:process_reader_win.cc(123)] NtOpenThread: {Access Denied} A process has requested access to an object, but has not been granted those access rights. (0xc0000022)
[0928/115755.218:ERROR:exception_snapshot_win.cc(99)] thread ID 4224 not found in process
[0928/191424.026:ERROR:process_reader_win.cc(123)] NtOpenThread: {Access Denied} A process has requested access to an object, but has not been granted those access rights. (0xc0000022)
[0928/191424.060:ERROR:exception_snapshot_win.cc(99)] thread ID 16136 not found in process
[0929/133000.060:ERROR:process_reader_win.cc(151)] SuspendThread: Access is denied. (0x5)
[0929/133000.074:ERROR:process_reader_win.cc(151)] SuspendThread: Access is denied. (0x5)
[0929/133000.078:ERROR:process_reader_win.cc(151)] SuspendThread: Access is denied. (0x5)
[0929/133000.078:ERROR:process_reader_win.cc(151)] SuspendThread: Access is denied. (0x5)
[0929/133000.078:ERROR:process_reader_win.cc(151)] SuspendThread: Access is denied. (0x5)
[0929/133000.078:ERROR:process_reader_win.cc(151)] SuspendThread: Access is denied. (0x5)
[0929/133000.078:ERROR:process_reader_win.cc(123)] NtOpenThread: {Access Denied} A process has requested access to an object, but has not been granted those access rights. (0xc0000022)
[0929/133000.075:ERROR:process_reader_win.cc(123)] NtOpenThread: {Access Denied} A process has requested access to an object, but has not been granted those access rights. (0xc0000022)
[0929/133000.106:ERROR:exception_snapshot_win.cc(99)] thread ID 15416 not found in process
[0929/133000.106:ERROR:exception_snapshot_win.cc(99)] thread ID 2320 not found in process
[1006/095922.281:ERROR:process_reader_win.cc(151)] SuspendThread: Access is denied. (0x5)
[1006/095922.278:ERROR:process_reader_win.cc(123)] NtOpenThread: {Access Denied} A process has requested access to an object, but has not been granted those access rights. (0xc0000022)
[1006/095922.343:ERROR:exception_snapshot_win.cc(99)] thread ID 16592 not found in process
[1006/095922.344:ERROR:process_reader_win.cc(123)] NtOpenThread: {Access Denied} A process has requested access to an object, but has not been granted those access rights. (0xc0000022)
[1006/095922.344:ERROR:exception_snapshot_win.cc(99)] thread ID 21148 not found in process
[1009/130941.593:ERROR:directory_reader_win.cc(43)] FindFirstFile: The system cannot find the path specified. (0x3)
[1013/113228.400:ERROR:directory_reader_win.cc(43)] FindFirstFile: The system cannot find the path specified. (0x3)
[1013/124752.445:ERROR:directory_reader_win.cc(43)] FindFirstFile: The system cannot find the path specified. (0x3)
[1016/115156.820:ERROR:directory_reader_win.cc(43)] FindFirstFile: The system cannot find the path specified. (0x3)
[1016/124615.879:ERROR:directory_reader_win.cc(43)] FindFirstFile: The system cannot find the path specified. (0x3)
[1019/091948.040:ERROR:directory_reader_win.cc(43)] FindFirstFile: The system cannot find the path specified. (0x3)
[1019/104804.371:ERROR:process_reader_win.cc(123)] NtOpenThread: {Access Denied} A process has requested access to an object, but has not been granted those access rights. (0xc0000022)
[1019/104804.366:ERROR:process_reader_win.cc(123)] NtOpenThread: {Access Denied} A process has requested access to an object, but has not been granted those access rights. (0xc0000022)
[1019/104804.361:ERROR:process_reader_win.cc(123)] NtOpenThread: {Access Denied} A process has requested access to an object, but has not been granted those access rights. (0xc0000022)
[1019/104804.406:ERROR:exception_snapshot_win.cc(99)] thread ID 15636 not found in process
[1019/104804.406:ERROR:exception_snapshot_win.cc(99)] thread ID 11652 not found in process
[1019/104804.406:ERROR:exception_snapshot_win.cc(99)] thread ID 6168 not found in process
[1019/105222.164:ERROR:process_reader_win.cc(123)] NtOpenThread: {Access Denied} A process has requested access to an object, but has not been granted those access rights. (0xc0000022)
[1019/105222.165:ERROR:exception_snapshot_win.cc(99)] thread ID 19124 not found in process
[1019/105222.208:ERROR:process_reader_win.cc(151)] SuspendThread: Access is denied. (0x5)
[1019/105222.208:ERROR:process_reader_win.cc(151)] SuspendThread: Access is denied. (0x5)
[1019/105222.209:ERROR:process_reader_win.cc(123)] NtOpenThread: {Access Denied} A process has requested access to an object, but has not been granted those access rights. (0xc0000022)
[1019/105222.209:ERROR:exception_snapshot_win.cc(99)] thread ID 11048 not found in process
[1019/105222.260:ERROR:process_reader_win.cc(151)] SuspendThread: Access is denied. (0x5)
[1019/105222.260:ERROR:process_reader_win.cc(151)] SuspendThread: Access is denied. (0x5)
[1019/105222.260:ERROR:process_reader_win.cc(151)] SuspendThread: Access is denied. (0x5)
[1019/105222.260:ERROR:process_reader_win.cc(151)] SuspendThread: Access is denied. (0x5)
[1019/105222.260:ERROR:process_reader_win.cc(151)] SuspendThread: Access is denied. (0x5)
[1019/105222.260:ERROR:process_reader_win.cc(123)] NtOpenThread: {Access Denied} A process has requested access to an object, but has not been granted those access rights. (0xc0000022)
[1019/105222.260:ERROR:exception_snapshot_win.cc(99)] thread ID 2480 not found in process
[1019/110214.192:ERROR:process_reader_win.cc(151)] SuspendThread: Access is denied. (0x5)
[1019/110214.193:ERROR:process_reader_win.cc(151)] SuspendThread: Access is denied. (0x5)
[1019/110214.193:ERROR:process_reader_win.cc(151)] SuspendThread: Access is denied. (0x5)
[1019/110214.193:ERROR:process_reader_win.cc(123)] NtOpenThread: {Access Denied} A process has requested access to an object, but has not been granted those access rights. (0xc0000022)
[1019/110214.194:ERROR:exception_snapshot_win.cc(99)] thread ID 17860 not found in process
[1019/110214.232:ERROR:process_reader_win.cc(151)] SuspendThread: Access is denied. (0x5)
[1019/110214.232:ERROR:process_reader_win.cc(151)] SuspendThread: Access is denied. (0x5)
[1019/110214.232:ERROR:process_reader_win.cc(151)] SuspendThread: Access is denied. (0x5)
[1019/110214.232:ERROR:process_reader_win.cc(151)] SuspendThread: Access is denied. (0x5)
[1019/110214.232:ERROR:process_reader_win.cc(123)] NtOpenThread: {Access Denied} A process has requested access to an object, but has not been granted those access rights. (0xc0000022)
[1019/110214.232:ERROR:exception_snapshot_win.cc(99)] thread ID 18988 not found in process
[1020/114719.070:ERROR:directory_reader_win.cc(43)] FindFirstFile: The system cannot find the path specified. (0x3)
[1020/125000.788:ERROR:directory_reader_win.cc(43)] FindFirstFile: The system cannot find the path specified. (0x3)
[1020/133042.573:ERROR:process_reader_win.cc(123)] NtOpenThread: {Access Denied} A process has requested access to an object, but has not been granted those access rights. (0xc0000022)
[1020/133042.575:ERROR:exception_snapshot_win.cc(99)] thread ID 5428 not found in process
[1020/133042.638:ERROR:process_reader_win.cc(123)] NtOpenThread: {Access Denied} A process has requested access to an object, but has not been granted those access rights. (0xc0000022)
[1020/133042.638:ERROR:exception_snapshot_win.cc(99)] thread ID 14280 not found in process
[1021/120753.679:ERROR:directory_reader_win.cc(43)] FindFirstFile: The system cannot find the path specified. (0x3)
[1022/095843.130:ERROR:directory_reader_win.cc(43)] FindFirstFile: The system cannot find the path specified. (0x3)
[1022/103000.650:ERROR:directory_reader_win.cc(43)] FindFirstFile: The system cannot find the path specified. (0x3)
[1023/092039.558:ERROR:directory_reader_win.cc(43)] FindFirstFile: The system cannot find the path specified. (0x3)
[1023/102444.664:ERROR:process_reader_win.cc(151)] SuspendThread: Access is denied. (0x5)
[1023/102444.669:ERROR:process_reader_win.cc(151)] SuspendThread: Access is denied. (0x5)
[1023/102444.688:ERROR:process_reader_win.cc(151)] SuspendThread: Access is denied. (0x5)
[1023/102444.689:ERROR:process_reader_win.cc(151)] SuspendThread: Access is denied. (0x5)
[1023/102444.669:ERROR:process_reader_win.cc(123)] NtOpenThread: {Access Denied} A process has requested access to an object, but has not been granted those access rights. (0xc0000022)
[1023/102444.689:ERROR:process_reader_win.cc(123)] NtOpenThread: {Access Denied} A process has requested access to an object, but has not been granted those access rights. (0xc0000022)
[1023/102445.922:ERROR:exception_snapshot_win.cc(99)] thread ID 15048 not found in process
[1023/102445.922:ERROR:exception_snapshot_win.cc(99)] thread ID 15052 not found in process
[1104/133901.481:ERROR:process_reader_win.cc(151)] SuspendThread: Access is denied. (0x5)
[1104/133901.496:ERROR:process_reader_win.cc(151)] SuspendThread: Access is denied. (0x5)
[1104/133901.515:ERROR:process_reader_win.cc(151)] SuspendThread: Access is denied. (0x5)
[1104/133901.519:ERROR:process_reader_win.cc(151)] SuspendThread: Access is denied. (0x5)
[1104/133901.519:ERROR:process_reader_win.cc(151)] SuspendThread: Access is denied. (0x5)
[1104/133901.519:ERROR:process_reader_win.cc(151)] SuspendThread: Access is denied. (0x5)
[1104/133901.520:ERROR:process_reader_win.cc(151)] SuspendThread: Access is denied. (0x5)
[1104/133901.519:ERROR:process_reader_win.cc(123)] NtOpenThread: {Access Denied} A process has requested access to an object, but has not been granted those access rights. (0xc0000022)
[1104/133901.520:ERROR:process_reader_win.cc(123)] NtOpenThread: {Access Denied} A process has requested access to an object, but has not been granted those access rights. (0xc0000022)
[1104/133901.545:ERROR:exception_snapshot_win.cc(99)] thread ID 14992 not found in process
[1104/133901.518:ERROR:process_reader_win.cc(123)] NtOpenThread: {Access Denied} A process has requested access to an object, but has not been granted those access rights. (0xc0000022)
[1104/133901.545:ERROR:exception_snapshot_win.cc(99)] thread ID 18140 not found in process
[1104/133901.545:ERROR:exception_snapshot_win.cc(99)] thread ID 14616 not found in process
